<?xml version="1.0" encoding="UTF-8"?>
<TestRun id="539247d0-3f41-4492-ab82-f02c5e04915a" name="Système@WS7PAR01019135 2017-11-07 11:07:32" runUser="AUTORITE NT\Système" xmlns="http://microsoft.com/schemas/VisualStudio/TeamTest/2010">
  <TestSettings name="Default Test Settings" id="2566fd7e-365d-4887-ac35-64ae15abd900">
    <Deployment userDeploymentRoot="C:\Users\ut2fm9\PricingService\Projects\CalculatorEx\TestResults" useDefaultDeploymentRoot="false" runDeploymentRoot="Système_WS7PAR01019135 2017-11-07 11_07_32" />
    <Execution>
      <TestTypeSpecific />
      <AgentRule name="Execution Agents">
      </AgentRule>
    </Execution>
    <Properties />
  </TestSettings>
  <Times creation="2017-11-07T11:07:32.2356090+01:00" queuing="2017-11-07T11:07:33.6337488+01:00" start="2017-11-07T11:07:33.8447699+01:00" finish="2017-11-07T11:07:34.4018256+01:00" />
  <ResultSummary outcome="Completed">
    <Counters total="1" executed="1" passed="1" error="0" failed="0" timeout="0" aborted="0" inconclusive="0" passedButRunAborted="0" notRunnable="0" notExecuted="0" disconnected="0" warning="0" completed="0" inProgress="0" pending="0" />
  </ResultSummary>
  <TestDefinitions>
    <UnitTest name="Hello_World_Test" storage="c:\users\ut2fm9\pricingservice\projects\calculatorex\calculatorex.test\bin\debug\calculatorex.test.dll" id="e99bd39a-4bef-449d-7d10-42abcb43371c">
      <Execution id="c8d53f7e-bc1f-4c22-9dd6-ab9b8ddfa8ea" />
      <TestMethod codeBase="C:/Users/ut2fm9/PricingService/Projects/CalculatorEx/CalculatorEx.Test/bin/Debug/CalculatorEx.Test.DLL" adapterTypeName="Microsoft.VisualStudio.TestTools.TestTypes.Unit.UnitTestAdapter, Microsoft.VisualStudio.QualityTools.Tips.UnitTest.Adapter, Version=14.0.0.0, Culture=neutral, PublicKeyToken=b03f5f7f11d50a3a" className="CalculatorEx.Test.CalculatorExTest, CalculatorEx.Test, Version=1.0.0.0, Culture=neutral, PublicKeyToken=null" name="Hello_World_Test" />
    </UnitTest>
  </TestDefinitions>
  <TestLists>
    <TestList name="Results Not in a List" id="8c84fa94-04c1-424b-9868-57a2d4851a1d" />
    <TestList name="All Loaded Results" id="19431567-8539-422a-85d7-44ee4e166bda" />
  </TestLists>
  <TestEntries>
    <TestEntry testId="e99bd39a-4bef-449d-7d10-42abcb43371c" executionId="c8d53f7e-bc1f-4c22-9dd6-ab9b8ddfa8ea" testListId="8c84fa94-04c1-424b-9868-57a2d4851a1d" />
  </TestEntries>
  <Results>
    <UnitTestResult executionId="c8d53f7e-bc1f-4c22-9dd6-ab9b8ddfa8ea" testId="e99bd39a-4bef-449d-7d10-42abcb43371c" testName="Hello_World_Test" computerName="WS7PAR01019135" duration="00:00:00.0100683" startTime="2017-11-07T11:07:33.9977852+01:00" endTime="2017-11-07T11:07:34.3338188+01:00" testType="13cdc9d9-ddb5-4fa4-a97d-d965ccfc6d4b" outcome="Passed" testListId="8c84fa94-04c1-424b-9868-57a2d4851a1d" relativeResultsDirectory="c8d53f7e-bc1f-4c22-9dd6-ab9b8ddfa8ea">
    </UnitTestResult>
  </Results>
</TestRun>